{
  "RSpec": {
    "coverage": {
      "/Users/danielgallagher/2mod/practice_IC/polished-brook-7771/spec/features/contestants/index_spec.rb": {
        "lines": [
          1,
          null,
          1,
          1,
          1,
          1,
          1,
          null,
          1,
          1,
          null,
          1,
          1,
          null,
          1,
          1,
          null,
          1,
          1,
          1,
          1,
          null,
          null,
          1,
          1,
          1,
          1,
          1,
          1,
          null,
          1,
          null,
          1,
          4,
          4,
          null,
          null,
          null,
          null,
          null,
          null
        ]
      },
      "/Users/danielgallagher/2mod/practice_IC/polished-brook-7771/spec/rails_helper.rb": {
        "lines": [
          null,
          1,
          1,
          1,
          null,
          1,
          1,
          null,
          null,
          null,
          null,
          null,
          null,
          null,
          null,
          null,
          null,
          null,
          null,
          null,
          null,
          null,
          null,
          null,
          null,
          null,
          null,
          1,
          null,
          0,
          null,
          1,
          null,
          1,
          null,
          null,
          null,
          null,
          1,
          null,
          null,
          null,
          null,
          null,
          null,
          null,
          null,
          null,
          null,
          null,
          null,
          null,
          null,
          null,
          null,
          null,
          1,
          null,
          null,
          1,
          null,
          null,
          null,
          1,
          1,
          1,
          1,
          null,
          null,
          null
        ]
      },
      "/Users/danielgallagher/2mod/practice_IC/polished-brook-7771/config/environment.rb": {
        "lines": [
          null,
          1,
          null,
          null,
          1
        ]
      },
      "/Users/danielgallagher/2mod/practice_IC/polished-brook-7771/config/application.rb": {
        "lines": [
          1,
          null,
          1,
          null,
          1,
          1,
          1,
          1,
          1,
          1,
          1,
          1,
          1,
          1,
          null,
          null,
          null,
          null,
          1,
          null,
          1,
          1,
          null,
          1,
          null,
          null,
          null,
          null,
          null,
          null,
          null,
          null,
          null,
          null,
          1,
          null,
          null
        ]
      },
      "/Users/danielgallagher/2mod/practice_IC/polished-brook-7771/config/boot.rb": {
        "lines": [
          1,
          null,
          1,
          1
        ]
      },
      "/Users/danielgallagher/2mod/practice_IC/polished-brook-7771/config/environments/test.rb": {
        "lines": [
          1,
          null,
          null,
          null,
          null,
          null,
          null,
          1,
          null,
          null,
          null,
          1,
          null,
          null,
          null,
          null,
          1,
          null,
          null,
          1,
          1,
          null,
          null,
          null,
          null,
          1,
          1,
          1,
          null,
          null,
          1,
          null,
          null,
          1,
          null,
          null,
          1,
          null,
          1,
          null,
          null,
          null,
          null,
          1,
          null,
          null,
          1,
          null,
          null,
          1,
          null,
          null,
          1,
          null,
          null,
          null,
          null,
          null,
          null,
          null
        ]
      },
      "/Users/danielgallagher/2mod/practice_IC/polished-brook-7771/config/initializers/assets.rb": {
        "lines": [
          null,
          null,
          null,
          1,
          null,
          null,
          null,
          null,
          null,
          null,
          null,
          null
        ]
      },
      "/Users/danielgallagher/2mod/practice_IC/polished-brook-7771/config/initializers/content_security_policy.rb": {
        "lines": [
          null,
          null,
          null,
          null,
          null,
          null,
          null,
          null,
          null,
          null,
          null,
          null,
          null,
          null,
          null,
          null,
          null,
          null,
          null,
          null,
          null,
          null,
          null,
          null,
          null
        ]
      },
      "/Users/danielgallagher/2mod/practice_IC/polished-brook-7771/config/initializers/filter_parameter_logging.rb": {
        "lines": [
          null,
          null,
          null,
          null,
          null,
          1,
          null,
          null
        ]
      },
      "/Users/danielgallagher/2mod/practice_IC/polished-brook-7771/config/initializers/inflections.rb": {
        "lines": [
          null,
          null,
          null,
          null,
          null,
          null,
          null,
          null,
          null,
          null,
          null,
          null,
          null,
          null,
          null,
          null
        ]
      },
      "/Users/danielgallagher/2mod/practice_IC/polished-brook-7771/config/initializers/permissions_policy.rb": {
        "lines": [
          null,
          null,
          null,
          null,
          null,
          null,
          null,
          null,
          null,
          null,
          null
        ]
      },
      "/Users/danielgallagher/2mod/practice_IC/polished-brook-7771/config/routes.rb": {
        "lines": [
          1,
          null,
          null,
          null,
          null,
          null,
          1,
          null,
          1,
          null
        ]
      },
      "/Users/danielgallagher/2mod/practice_IC/polished-brook-7771/app/helpers/application_helper.rb": {
        "lines": [
          1,
          null
        ]
      },
      "/Users/danielgallagher/2mod/practice_IC/polished-brook-7771/spec/features/project/show_spec.rb": {
        "lines": [
          1,
          null,
          1,
          1,
          1,
          1,
          null,
          1,
          null,
          1,
          1,
          null,
          1,
          null,
          1,
          1,
          1,
          null,
          null,
          1,
          null,
          1,
          null,
          1,
          1,
          null,
          1,
          1,
          1,
          1,
          null,
          null,
          1,
          1,
          1,
          1,
          null,
          1,
          null,
          1,
          null,
          null,
          null,
          null,
          null
        ]
      },
      "/Users/danielgallagher/2mod/practice_IC/polished-brook-7771/spec/models/challenge_spec.rb": {
        "lines": [
          1,
          null,
          1,
          1,
          2,
          2,
          null,
          null,
          1,
          2,
          null,
          null
        ]
      },
      "/Users/danielgallagher/2mod/practice_IC/polished-brook-7771/app/models/challenge.rb": {
        "lines": [
          1,
          1,
          1,
          null
        ]
      },
      "/Users/danielgallagher/2mod/practice_IC/polished-brook-7771/app/models/application_record.rb": {
        "lines": [
          1,
          1,
          null
        ]
      },
      "/Users/danielgallagher/2mod/practice_IC/polished-brook-7771/spec/models/contestant_projects_spec.rb": {
        "lines": [
          1,
          null,
          1,
          1,
          2,
          2,
          null,
          null
        ]
      },
      "/Users/danielgallagher/2mod/practice_IC/polished-brook-7771/app/models/contestant_project.rb": {
        "lines": [
          1,
          1,
          1,
          null
        ]
      },
      "/Users/danielgallagher/2mod/practice_IC/polished-brook-7771/spec/models/contestant_spec.rb": {
        "lines": [
          1,
          null,
          1,
          1,
          2,
          2,
          2,
          2,
          null,
          null,
          1,
          2,
          2,
          null,
          null
        ]
      },
      "/Users/danielgallagher/2mod/practice_IC/polished-brook-7771/app/models/contestant.rb": {
        "lines": [
          1,
          1,
          1,
          1,
          null,
          1,
          8,
          null,
          null
        ]
      },
      "/Users/danielgallagher/2mod/practice_IC/polished-brook-7771/spec/models/project_spec.rb": {
        "lines": [
          1,
          null,
          1,
          1,
          2,
          2,
          null,
          null,
          1,
          2,
          2,
          2,
          null,
          null
        ]
      },
      "/Users/danielgallagher/2mod/practice_IC/polished-brook-7771/app/models/project.rb": {
        "lines": [
          1,
          1,
          1,
          1,
          1,
          null
        ]
      },
      "/Users/danielgallagher/2mod/practice_IC/polished-brook-7771/app/controllers/contestants_controller.rb": {
        "lines": [
          1,
          null,
          1,
          1,
          null,
          null,
          null
        ]
      },
      "/Users/danielgallagher/2mod/practice_IC/polished-brook-7771/app/controllers/application_controller.rb": {
        "lines": [
          1,
          null
        ]
      },
      "/Users/danielgallagher/2mod/practice_IC/polished-brook-7771/app/controllers/projects_controller.rb": {
        "lines": [
          1,
          null,
          1,
          null,
          2,
          2,
          2,
          null,
          null,
          null
        ]
      }
    },
    "timestamp": 1689654828
  }
}
